2026-01-30 15:48:34,932 : INFO : root : Loading config.
2026-01-30 15:48:34,965 : INFO : YamlMultifileConfigLoader : Machine config file #1: config.yaml
2026-01-30 15:48:34,967 : WARNING : ConfigProcessor : Config file in cache changed: D:\documents\room35pinball\config\config.yaml
2026-01-30 15:48:34,967 : INFO : ConfigProcessor : Loading config from file C:\users\TheMaker\mpfvenv\Lib\site-packages\mpf\mpfconfig.yaml.
2026-01-30 15:48:35,233 : INFO : ConfigProcessor : Loading config: C:\users\TheMaker\mpfvenv\Lib\site-packages\mpf\mpfconfig.yaml
2026-01-30 15:48:35,238 : INFO : ConfigProcessor : Loading config from file D:\documents\room35pinball\config\config.yaml.
2026-01-30 15:48:35,264 : INFO : ConfigProcessor : Loading config: D:\documents\room35pinball\config\config.yaml
2026-01-30 15:48:35,399 : INFO : ConfigProcessor : Loading config: D:\documents\room35pinball\config\switches.yaml
2026-01-30 15:48:35,409 : INFO : ConfigProcessor : Loading config: D:\documents\room35pinball\config\coils.yaml
2026-01-30 15:48:35,443 : INFO : ConfigProcessor : Loading config: D:\documents\room35pinball\config\lights.yaml
2026-01-30 15:48:35,471 : INFO : ConfigProcessor : Loading config: D:\documents\room35pinball\config\balldevices.yaml
2026-01-30 15:48:35,483 : INFO : ConfigProcessor : Config file cache created: C:\Users\TheMaker\AppData\Local\Temp\5de67e9c72fb34043cb2aefff21b779e.mpf_cache
2026-01-30 15:48:36,778 : WARNING : ConfigProcessor : Config file in cache changed: D:\documents\room35pinball\modes\attract\config\attract.yaml
2026-01-30 15:48:36,778 : INFO : ConfigProcessor : Loading config from file C:\users\TheMaker\mpfvenv\Lib\site-packages\mpf\modes\attract\config\attract.yaml.
2026-01-30 15:48:36,810 : INFO : ConfigProcessor : Loading config: C:\users\TheMaker\mpfvenv\Lib\site-packages\mpf\modes\attract\config\attract.yaml
2026-01-30 15:48:36,810 : INFO : ConfigProcessor : Loading config from file D:\documents\room35pinball\modes\attract\config\attract.yaml.
2026-01-30 15:48:36,817 : INFO : ConfigProcessor : Loading config: D:\documents\room35pinball\modes\attract\config\attract.yaml
2026-01-30 15:48:36,887 : INFO : ConfigProcessor : Config file cache created: C:\Users\TheMaker\AppData\Local\Temp\bec65913591bfb4658fc221af2d9cf90.mpf_cache
2026-01-30 15:48:36,951 : INFO : ConfigProcessor : Loading config from cache: C:\Users\TheMaker\AppData\Local\Temp\bc9c9baa865dff7f80dc8a9c81e91bf1.mpf_cache
2026-01-30 15:48:36,978 : INFO : ConfigProcessor : Loading config from cache: C:\Users\TheMaker\AppData\Local\Temp\bec65913591bfb4658fc221af2d9cf90.mpf_cache
2026-01-30 15:48:36,986 : INFO : ConfigProcessor : Loading config from cache: C:\Users\TheMaker\AppData\Local\Temp\156a6c912be93c4443cf76687a3dd24b.mpf_cache
2026-01-30 15:48:37,019 : INFO : Machine : Mission Pinball Framework Core Engine v0.80.0.dev11
2026-01-30 15:48:37,021 : INFO : Machine : Command line arguments: {'no_load_cache': False, 'create_config_cache': True, 'bcp': True, 'configfile': ['config.yaml'], 'force_assets_load': False, 'platform_integration_test': False, 'jsonlogging': False, 'logfile': 'logs\\2026-01-30-15-48-34-mpf-LetsMakeStuff.log', 'pause': False, 'production': False, 'text_ui': False, 'loglevel': 15, 'consoleloglevel': 20, 'force_platform': 'virtual', 'syslog_address': None, 'full_logfile_path': 'D:\\documents\\room35pinball\\logs\\2026-01-30-15-48-34-mpf-LetsMakeStuff.log'}
2026-01-30 15:48:37,044 : INFO : Machine : MPF path: C:\users\TheMaker\mpfvenv\Lib\site-packages\mpf
2026-01-30 15:48:37,044 : INFO : Machine : Machine path: D:\documents\room35pinball
2026-01-30 15:48:37,044 : INFO : Machine : Platform: win32
2026-01-30 15:48:37,044 : INFO : Machine : Python executable location: C:\users\TheMaker\mpfvenv\Scripts\python.exe
2026-01-30 15:48:37,044 : INFO : Machine : Python version: 3.12.10 (64-bit)
2026-01-30 15:48:37,404 : INFO : Machine : Initializing MPF...
2026-01-30 15:48:38,380 : INFO : EventManager : Event: ======'machine_var_credits_string'====== Args={'value': 'FREE PLAY', 'prev_value': None, 'change': True}
2026-01-30 15:48:38,571 : INFO : EventManager : Event: ======'machine_var_master_volume'====== Args={'value': 0.5, 'prev_value': None, 'change': True}
2026-01-30 15:48:38,571 : INFO : EventManager : Event: ======'machine_var_mpf_version'====== Args={'value': 'Mission Pinball Framework v0.80.0.dev11', 'prev_value': None, 'change': True}
2026-01-30 15:48:38,571 : INFO : EventManager : Event: ======'machine_var_mpf_extended_version'====== Args={'value': 'Mission Pinball Framework v0.80.0.dev11, Config version:6, Show version: 6, BCP version:1.1', 'prev_value': None, 'change': True}
2026-01-30 15:48:38,571 : INFO : EventManager : Event: ======'machine_var_python_version'====== Args={'value': '3.12.10', 'prev_value': None, 'change': True}
2026-01-30 15:48:40,783 : INFO : EventManager : Event: ======'machine_var_platform'====== Args={'value': 'Windows-11-10.0.26200-SP0', 'prev_value': None, 'change': True}
2026-01-30 15:48:40,783 : INFO : EventManager : Event: ======'machine_var_platform_system'====== Args={'value': 'Windows', 'prev_value': None, 'change': True}
2026-01-30 15:48:40,783 : INFO : EventManager : Event: ======'machine_var_platform_release'====== Args={'value': '11', 'prev_value': None, 'change': True}
2026-01-30 15:48:40,783 : INFO : EventManager : Event: ======'machine_var_platform_version'====== Args={'value': '10.0.26200', 'prev_value': None, 'change': True}
2026-01-30 15:48:40,783 : INFO : EventManager : Event: ======'machine_var_platform_machine'====== Args={'value': 'AMD64', 'prev_value': None, 'change': True}
2026-01-30 15:48:40,783 : INFO : EventManager : Event: ======'machine_var_log_file_path'====== Args={'value': 'D:\\documents\\room35pinball\\logs\\2026-01-30-15-48-34-mpf-LetsMakeStuff.log', 'prev_value': None, 'change': True}
2026-01-30 15:48:40,783 : INFO : EventManager : Event: ======'init_phase_1'====== Args={}
2026-01-30 15:48:41,240 : INFO : EventManager : Event: ======'init_phase_2'====== Args={}
2026-01-30 15:48:41,241 : INFO : SwitchController : Found active switch: ('play3208-2', <Platform.Virtual>) <switch.s_ball_trough_one>
2026-01-30 15:48:41,241 : INFO : SwitchController : Found active switch: ('play3208-3', <Platform.Virtual>) <switch.s_ball_trough_two>
2026-01-30 15:48:41,241 : INFO : SwitchController : Found active switch: ('play3208-4', <Platform.Virtual>) <switch.s_ball_trough_three>
2026-01-30 15:48:41,264 : INFO : SwitchController : Found active switch: ('play3208-5', <Platform.Virtual>) <switch.s_ball_trough_four>
2026-01-30 15:48:41,264 : INFO : SwitchController : Found active switch: ('play3208-6', <Platform.Virtual>) <switch.s_ball_trough_five>
2026-01-30 15:48:41,264 : INFO : SwitchController : Found active switch: ('play3208-7', <Platform.Virtual>) <switch.s_ball_trough_six>
2026-01-30 15:48:41,264 : INFO : SwitchController : Found active switch: ('play3208-8', <Platform.Virtual>) <switch.s_ball_trough_jam>
2026-01-30 15:48:41,295 : INFO : EventManager : Event: ======'bcp_connection_attempt'====== Args={'name': 'local_display', 'host': 'localhost', 'port': 5050}
2026-01-30 15:48:41,297 : INFO : BCPClientSocket : Connecting BCP to 'local_display' at localhost:5050...
2026-01-30 15:48:41,601 : INFO : BCPClientSocket : Connected BCP to 'local_display' localhost:5050
2026-01-30 15:48:41,601 : INFO : EventManager : Event: ======'bcp_clients_connected'====== Args={}
2026-01-30 15:48:41,625 : INFO : ball_device.bd_trough : BCH: Initial count: 7
2026-01-30 15:48:41,633 : INFO : ball_device.bd_trough : State: idle
2026-01-30 15:48:41,694 : INFO : ball_device.bd_plunger : BCH: Initial count: 0
2026-01-30 15:48:41,695 : INFO : ball_device.bd_plunger : State: idle
2026-01-30 15:48:41,821 : INFO : EventManager : Event: ======'init_phase_3'====== Args={}
2026-01-30 15:48:41,824 : INFO : EventManager : Event: ======'init_phase_4'====== Args={}
2026-01-30 15:48:41,824 : INFO : BallController : Initial balls found: 7
2026-01-30 15:48:41,832 : INFO : EventManager : Event: ======'machine_var_audits_switches_s_right_flipper_eos'====== Args={'value': 0, 'prev_value': None, 'change': True}
2026-01-30 15:48:41,832 : INFO : EventManager : Event: ======'machine_var_audits_switches_s_right_upper_flipper_eos'====== Args={'value': 0, 'prev_value': None, 'change': True}
2026-01-30 15:48:41,832 : INFO : EventManager : Event: ======'machine_var_audits_switches_s_right_slingshot'====== Args={'value': 0, 'prev_value': None, 'change': True}
2026-01-30 15:48:41,832 : INFO : EventManager : Event: ======'machine_var_audits_switches_s_left_flipper_button'====== Args={'value': 0, 'prev_value': None, 'change': True}
2026-01-30 15:48:41,833 : INFO : EventManager : Event: ======'machine_var_audits_switches_s_left_slingshot'====== Args={'value': 0, 'prev_value': None, 'change': True}
2026-01-30 15:48:41,833 : INFO : EventManager : Event: ======'machine_var_audits_switches_s_ball_trough_six'====== Args={'value': 0, 'prev_value': None, 'change': True}
2026-01-30 15:48:41,833 : INFO : EventManager : Event: ======'machine_var_audits_switches_s_left_upper_flipper_eos'====== Args={'value': 0, 'prev_value': None, 'change': True}
2026-01-30 15:48:41,833 : INFO : EventManager : Event: ======'machine_var_audits_switches_s_plunger_lane'====== Args={'value': 0, 'prev_value': None, 'change': True}
2026-01-30 15:48:41,833 : INFO : EventManager : Event: ======'machine_var_audits_switches_s_ball_trough_four'====== Args={'value': 0, 'prev_value': None, 'change': True}
2026-01-30 15:48:41,833 : INFO : EventManager : Event: ======'machine_var_audits_switches_s_ball_trough_five'====== Args={'value': 0, 'prev_value': None, 'change': True}
2026-01-30 15:48:41,833 : INFO : EventManager : Event: ======'machine_var_audits_switches_s_right_upper_flipper_button'====== Args={'value': 0, 'prev_value': None, 'change': True}
2026-01-30 15:48:41,833 : INFO : EventManager : Event: ======'machine_var_audits_switches_s_left_flipper_eos'====== Args={'value': 0, 'prev_value': None, 'change': True}
2026-01-30 15:48:41,833 : INFO : EventManager : Event: ======'machine_var_audits_switches_s_ball_trough_two'====== Args={'value': 0, 'prev_value': None, 'change': True}
2026-01-30 15:48:41,833 : INFO : EventManager : Event: ======'machine_var_audits_switches_s_right_flipper_button'====== Args={'value': 0, 'prev_value': None, 'change': True}
2026-01-30 15:48:41,833 : INFO : EventManager : Event: ======'machine_var_audits_switches_s_left_upper_flipper_button'====== Args={'value': 0, 'prev_value': None, 'change': True}
2026-01-30 15:48:41,833 : INFO : EventManager : Event: ======'machine_var_audits_switches_s_ball_trough_jam'====== Args={'value': 0, 'prev_value': None, 'change': True}
2026-01-30 15:48:41,833 : INFO : EventManager : Event: ======'machine_var_audits_switches_s_ball_trough_one'====== Args={'value': 0, 'prev_value': None, 'change': True}
2026-01-30 15:48:41,833 : INFO : EventManager : Event: ======'machine_var_audits_switches_s_ball_trough_three'====== Args={'value': 0, 'prev_value': None, 'change': True}
2026-01-30 15:48:41,833 : INFO : EventManager : Event: ======'machine_var_audits_events_game_started'====== Args={'value': 0, 'prev_value': None, 'change': True}
2026-01-30 15:48:41,833 : INFO : EventManager : Event: ======'machine_var_audits_events_game_ended'====== Args={'value': 0, 'prev_value': None, 'change': True}
2026-01-30 15:48:41,833 : INFO : EventManager : Event: ======'machine_var_audits_player_score'====== Args={'value': {'top': [], 'average': 0, 'total': 0}, 'prev_value': None, 'change': True}
2026-01-30 15:48:41,834 : INFO : EventManager : Event: ======'init_phase_5'====== Args={}
2026-01-30 15:48:41,834 : INFO : ball_device.bd_trough : BCH: Count is unstable. Trying to reorder balls.
2026-01-30 15:48:41,834 : WARNING : ball_device.bd_trough : Cannot reorder device because eject_coil_reorder_pulse is not configured
2026-01-30 15:48:41,834 : INFO : ball_device.bd_trough : BCH: Repulse done. Waiting for balls to settle.
2026-01-30 15:48:41,834 : INFO : ball_device.bd_trough : BCH: Reordered count: 7
2026-01-30 15:48:41,835 : INFO : EventManager : Event: ======'init_done'====== Args={}
2026-01-30 15:48:41,835 : INFO : EventManager : Event: ======'machine_reset_phase_1'====== Args={}
2026-01-30 15:48:41,869 : INFO : EventManager : Event: ======'machine_reset_phase_2'====== Args={}
2026-01-30 15:48:41,869 : INFO : EventManager : Event: ======'machine_reset_phase_3'====== Args={}
2026-01-30 15:48:41,871 : INFO : EventManager : Event: ======'reset_complete'====== Args={}
2026-01-30 15:48:41,872 : INFO : EventManager : Event: ======'mode_attract_will_start'====== Args={}
2026-01-30 15:48:41,872 : INFO : Timer.attract_carousel_timer : Starting Timer.
2026-01-30 15:48:41,872 : INFO : EventManager : Event: ======'timer_attract_carousel_timer_started'====== Args={'ticks': 0, 'ticks_remaining': 1}
2026-01-30 15:48:41,872 : INFO : EventManager : Event: ======'timer_attract_carousel_timer_tick'====== Args={'ticks': 0, 'ticks_remaining': 1}
2026-01-30 15:48:41,873 : INFO : EventManager : Event: ======'mode_attract_starting'====== Args={}
2026-01-30 15:48:41,873 : INFO : Mode.attract : Started. Priority: 10
2026-01-30 15:48:41,873 : INFO : EventManager : Event: ======'modes_active_modes_changed'====== Args={}
2026-01-30 15:48:41,873 : INFO : EventManager : Event: ======'mode_attract_started'====== Args={}
2026-01-30 15:48:41,875 : INFO : EventManager : Event: ======'collecting_balls_complete'====== Args={}
2026-01-30 15:48:41,890 : INFO : EventManager : Event: ======'carousel_item_highlighted'====== Args={'carousel': 'attract', 'direction': None, 'item': 'title'}
2026-01-30 15:48:41,890 : INFO : Machine : Starting the main run loop with active modes: [<Mode.attract>]
2026-01-30 15:48:41,933 : INFO : EventManager : Event: ======'slide_attract_created'====== Args={'_from_bcp': True}
2026-01-30 15:48:41,933 : INFO : EventManager : Event: ======'slide__removed'====== Args={'_from_bcp': True}
2026-01-30 15:48:41,934 : INFO : EventManager : Event: ======'slide_attract_active'====== Args={'original_context': 'attract', 'original_calling_context': 'mode_attract_started', 'priority': 10.0, 'cmd': 'slides_play', '_from_bcp': True}
2026-01-30 15:48:44,889 : INFO : Timer.attract_carousel_timer : Timer Complete
2026-01-30 15:48:44,889 : INFO : Timer.attract_carousel_timer : Stopping Timer
2026-01-30 15:48:44,889 : INFO : EventManager : Event: ======'timer_attract_carousel_timer_stopped'====== Args={'ticks': 1, 'ticks_remaining': 1}
2026-01-30 15:48:44,890 : INFO : EventManager : Event: ======'timer_attract_carousel_timer_complete'====== Args={'ticks': 1, 'ticks_remaining': 1}
2026-01-30 15:48:44,893 : INFO : EventManager : Event: ======'carousel_item_highlighted'====== Args={'carousel': 'attract', 'direction': 'forwards', 'item': 'credits'}
2026-01-30 15:49:05,591 : INFO : SwitchController : <<<<<<< 's_right_flipper_button' active >>>>>>>
2026-01-30 15:49:05,591 : INFO : EventManager : Event: ======'s_right_flipper_button_active'====== Args={}
2026-01-30 15:49:05,592 : INFO : EventManager : Event: ======'carousel_item_highlighted'====== Args={'carousel': 'attract', 'direction': 'forwards', 'item': 'mpf_logo'}
2026-01-30 15:49:05,729 : INFO : SwitchController : <<<<<<< 's_right_flipper_button' inactive >>>>>>>
2026-01-30 15:49:06,516 : INFO : SwitchController : <<<<<<< 's_right_flipper_button' active >>>>>>>
2026-01-30 15:49:06,516 : INFO : EventManager : Event: ======'s_right_flipper_button_active'====== Args={}
2026-01-30 15:49:06,517 : INFO : EventManager : Event: ======'carousel_item_highlighted'====== Args={'carousel': 'attract', 'direction': 'forwards', 'item': 'godot_logo'}
2026-01-30 15:49:06,657 : INFO : SwitchController : <<<<<<< 's_right_flipper_button' inactive >>>>>>>
2026-01-30 15:49:07,147 : INFO : SwitchController : <<<<<<< 's_right_flipper_button' active >>>>>>>
2026-01-30 15:49:07,147 : INFO : EventManager : Event: ======'s_right_flipper_button_active'====== Args={}
2026-01-30 15:49:07,148 : INFO : EventManager : Event: ======'carousel_item_highlighted'====== Args={'carousel': 'attract', 'direction': 'forwards', 'item': 'title'}
2026-01-30 15:49:07,328 : INFO : SwitchController : <<<<<<< 's_right_flipper_button' inactive >>>>>>>
2026-01-30 15:49:08,537 : INFO : SwitchController : <<<<<<< 's_right_flipper_button' active >>>>>>>
2026-01-30 15:49:08,538 : INFO : EventManager : Event: ======'s_right_flipper_button_active'====== Args={}
2026-01-30 15:49:08,538 : INFO : EventManager : Event: ======'carousel_item_highlighted'====== Args={'carousel': 'attract', 'direction': 'forwards', 'item': 'credits'}
2026-01-30 15:49:08,723 : INFO : SwitchController : <<<<<<< 's_right_flipper_button' inactive >>>>>>>
2026-01-30 15:49:08,861 : INFO : SwitchController : <<<<<<< 's_right_flipper_button' active >>>>>>>
2026-01-30 15:49:08,861 : INFO : EventManager : Event: ======'s_right_flipper_button_active'====== Args={}
2026-01-30 15:49:08,862 : INFO : EventManager : Event: ======'carousel_item_highlighted'====== Args={'carousel': 'attract', 'direction': 'forwards', 'item': 'mpf_logo'}
2026-01-30 15:49:09,030 : INFO : SwitchController : <<<<<<< 's_right_flipper_button' inactive >>>>>>>
2026-01-30 15:49:09,171 : INFO : SwitchController : <<<<<<< 's_right_flipper_button' active >>>>>>>
2026-01-30 15:49:09,172 : INFO : EventManager : Event: ======'s_right_flipper_button_active'====== Args={}
2026-01-30 15:49:09,173 : INFO : EventManager : Event: ======'carousel_item_highlighted'====== Args={'carousel': 'attract', 'direction': 'forwards', 'item': 'godot_logo'}
2026-01-30 15:49:09,318 : INFO : SwitchController : <<<<<<< 's_right_flipper_button' inactive >>>>>>>
2026-01-30 15:49:09,423 : INFO : SwitchController : <<<<<<< 's_right_flipper_button' active >>>>>>>
2026-01-30 15:49:09,423 : INFO : EventManager : Event: ======'s_right_flipper_button_active'====== Args={}
2026-01-30 15:49:09,424 : INFO : EventManager : Event: ======'carousel_item_highlighted'====== Args={'carousel': 'attract', 'direction': 'forwards', 'item': 'title'}
2026-01-30 15:49:09,603 : INFO : SwitchController : <<<<<<< 's_right_flipper_button' inactive >>>>>>>
2026-01-30 15:49:09,969 : INFO : SwitchController : <<<<<<< 's_right_flipper_button' active >>>>>>>
2026-01-30 15:49:09,969 : INFO : EventManager : Event: ======'s_right_flipper_button_active'====== Args={}
2026-01-30 15:49:09,969 : INFO : EventManager : Event: ======'carousel_item_highlighted'====== Args={'carousel': 'attract', 'direction': 'forwards', 'item': 'credits'}
2026-01-30 15:49:10,142 : INFO : SwitchController : <<<<<<< 's_right_flipper_button' inactive >>>>>>>
2026-01-30 15:49:10,212 : INFO : SwitchController : <<<<<<< 's_right_flipper_button' active >>>>>>>
2026-01-30 15:49:10,212 : INFO : EventManager : Event: ======'s_right_flipper_button_active'====== Args={}
2026-01-30 15:49:10,213 : INFO : EventManager : Event: ======'carousel_item_highlighted'====== Args={'carousel': 'attract', 'direction': 'forwards', 'item': 'mpf_logo'}
2026-01-30 15:49:10,354 : INFO : SwitchController : <<<<<<< 's_right_flipper_button' inactive >>>>>>>
2026-01-30 15:49:10,457 : INFO : SwitchController : <<<<<<< 's_right_flipper_button' active >>>>>>>
2026-01-30 15:49:10,458 : INFO : EventManager : Event: ======'s_right_flipper_button_active'====== Args={}
2026-01-30 15:49:10,458 : INFO : EventManager : Event: ======'carousel_item_highlighted'====== Args={'carousel': 'attract', 'direction': 'forwards', 'item': 'godot_logo'}
2026-01-30 15:49:10,600 : INFO : SwitchController : <<<<<<< 's_right_flipper_button' inactive >>>>>>>
2026-01-30 15:49:10,839 : INFO : SwitchController : <<<<<<< 's_right_flipper_button' active >>>>>>>
2026-01-30 15:49:10,839 : INFO : EventManager : Event: ======'s_right_flipper_button_active'====== Args={}
2026-01-30 15:49:10,840 : INFO : EventManager : Event: ======'carousel_item_highlighted'====== Args={'carousel': 'attract', 'direction': 'forwards', 'item': 'title'}
2026-01-30 15:49:10,992 : INFO : SwitchController : <<<<<<< 's_right_flipper_button' inactive >>>>>>>
2026-01-30 15:49:20,112 : INFO : Machine : Shutting down...
2026-01-30 15:49:20,112 : INFO : EventManager : Event: ======'shutdown'====== Args={}
2026-01-30 15:49:20,115 : INFO : root : MPF run loop ended.
