2026-01-29 16:59:38,700 : INFO : root : Loading config.
2026-01-29 16:59:38,706 : INFO : YamlMultifileConfigLoader : Machine config file #1: config.yaml
2026-01-29 16:59:38,707 : INFO : ConfigProcessor : Loading config from cache: C:\Users\TheMaker\AppData\Local\Temp\5de67e9c72fb34043cb2aefff21b779e.mpf_cache
2026-01-29 16:59:39,097 : INFO : ConfigProcessor : Loading config from cache: C:\Users\TheMaker\AppData\Local\Temp\bec65913591bfb4658fc221af2d9cf90.mpf_cache
2026-01-29 16:59:39,119 : INFO : ConfigProcessor : Loading config from cache: C:\Users\TheMaker\AppData\Local\Temp\bc9c9baa865dff7f80dc8a9c81e91bf1.mpf_cache
2026-01-29 16:59:39,120 : INFO : ConfigProcessor : Loading config from cache: C:\Users\TheMaker\AppData\Local\Temp\bec65913591bfb4658fc221af2d9cf90.mpf_cache
2026-01-29 16:59:39,126 : INFO : ConfigProcessor : Loading config from cache: C:\Users\TheMaker\AppData\Local\Temp\156a6c912be93c4443cf76687a3dd24b.mpf_cache
2026-01-29 16:59:39,129 : INFO : Machine : Mission Pinball Framework Core Engine v0.80.0.dev11
2026-01-29 16:59:39,129 : INFO : Machine : Command line arguments: {'no_load_cache': False, 'create_config_cache': True, 'bcp': True, 'configfile': ['config.yaml'], 'force_assets_load': False, 'platform_integration_test': False, 'jsonlogging': False, 'logfile': 'logs\\2026-01-29-16-59-38-mpf-LetsMakeStuff.log', 'pause': False, 'production': False, 'text_ui': False, 'loglevel': 15, 'consoleloglevel': 20, 'force_platform': 'virtual', 'syslog_address': None, 'full_logfile_path': 'D:\\documents\\room35pinball\\logs\\2026-01-29-16-59-38-mpf-LetsMakeStuff.log'}
2026-01-29 16:59:39,129 : INFO : Machine : MPF path: C:\users\TheMaker\mpfvenv\Lib\site-packages\mpf
2026-01-29 16:59:39,129 : INFO : Machine : Machine path: D:\documents\room35pinball
2026-01-29 16:59:39,152 : INFO : Machine : Platform: win32
2026-01-29 16:59:39,152 : INFO : Machine : Python executable location: C:\users\TheMaker\mpfvenv\Scripts\python.exe
2026-01-29 16:59:39,152 : INFO : Machine : Python version: 3.12.10 (64-bit)
2026-01-29 16:59:39,167 : INFO : Machine : Initializing MPF...
2026-01-29 16:59:39,916 : INFO : EventManager : Event: ======'machine_var_credits_string'====== Args={'value': 'FREE PLAY', 'prev_value': None, 'change': True}
2026-01-29 16:59:39,956 : INFO : EventManager : Event: ======'machine_var_master_volume'====== Args={'value': 0.5, 'prev_value': None, 'change': True}
2026-01-29 16:59:39,956 : INFO : EventManager : Event: ======'machine_var_mpf_version'====== Args={'value': 'Mission Pinball Framework v0.80.0.dev11', 'prev_value': None, 'change': True}
2026-01-29 16:59:39,956 : INFO : EventManager : Event: ======'machine_var_mpf_extended_version'====== Args={'value': 'Mission Pinball Framework v0.80.0.dev11, Config version:6, Show version: 6, BCP version:1.1', 'prev_value': None, 'change': True}
2026-01-29 16:59:39,956 : INFO : EventManager : Event: ======'machine_var_python_version'====== Args={'value': '3.12.10', 'prev_value': None, 'change': True}
2026-01-29 16:59:41,180 : INFO : EventManager : Event: ======'machine_var_platform'====== Args={'value': 'Windows-11-10.0.26200-SP0', 'prev_value': None, 'change': True}
2026-01-29 16:59:41,180 : INFO : EventManager : Event: ======'machine_var_platform_system'====== Args={'value': 'Windows', 'prev_value': None, 'change': True}
2026-01-29 16:59:41,180 : INFO : EventManager : Event: ======'machine_var_platform_release'====== Args={'value': '11', 'prev_value': None, 'change': True}
2026-01-29 16:59:41,180 : INFO : EventManager : Event: ======'machine_var_platform_version'====== Args={'value': '10.0.26200', 'prev_value': None, 'change': True}
2026-01-29 16:59:41,181 : INFO : EventManager : Event: ======'machine_var_platform_machine'====== Args={'value': 'AMD64', 'prev_value': None, 'change': True}
2026-01-29 16:59:41,181 : INFO : EventManager : Event: ======'machine_var_log_file_path'====== Args={'value': 'D:\\documents\\room35pinball\\logs\\2026-01-29-16-59-38-mpf-LetsMakeStuff.log', 'prev_value': None, 'change': True}
2026-01-29 16:59:41,181 : INFO : EventManager : Event: ======'init_phase_1'====== Args={}
2026-01-29 16:59:41,254 : INFO : EventManager : Event: ======'init_phase_2'====== Args={}
2026-01-29 16:59:41,255 : INFO : SwitchController : Found active switch: ('play3208-2', <Platform.Virtual>) <switch.s_ball_trough_one>
2026-01-29 16:59:41,255 : INFO : SwitchController : Found active switch: ('play3208-3', <Platform.Virtual>) <switch.s_ball_trough_two>
2026-01-29 16:59:41,256 : INFO : SwitchController : Found active switch: ('play3208-4', <Platform.Virtual>) <switch.s_ball_trough_three>
2026-01-29 16:59:41,256 : INFO : SwitchController : Found active switch: ('play3208-5', <Platform.Virtual>) <switch.s_ball_trough_four>
2026-01-29 16:59:41,256 : INFO : SwitchController : Found active switch: ('play3208-6', <Platform.Virtual>) <switch.s_ball_trough_five>
2026-01-29 16:59:41,256 : INFO : SwitchController : Found active switch: ('play3208-7', <Platform.Virtual>) <switch.s_ball_trough_six>
2026-01-29 16:59:41,256 : INFO : SwitchController : Found active switch: ('play3208-8', <Platform.Virtual>) <switch.s_ball_trough_jam>
2026-01-29 16:59:41,259 : INFO : EventManager : Event: ======'bcp_connection_attempt'====== Args={'name': 'local_display', 'host': 'localhost', 'port': 5050}
2026-01-29 16:59:41,261 : INFO : BCPClientSocket : Connecting BCP to 'local_display' at localhost:5050...
2026-01-29 16:59:41,325 : INFO : BCPClientSocket : Connected BCP to 'local_display' localhost:5050
2026-01-29 16:59:41,326 : INFO : EventManager : Event: ======'bcp_clients_connected'====== Args={}
2026-01-29 16:59:41,327 : INFO : ball_device.bd_trough : BCH: Initial count: 7
2026-01-29 16:59:41,354 : INFO : ball_device.bd_trough : State: idle
2026-01-29 16:59:41,355 : INFO : ball_device.bd_plunger : BCH: Initial count: 0
2026-01-29 16:59:41,356 : INFO : ball_device.bd_plunger : State: idle
2026-01-29 16:59:41,370 : INFO : EventManager : Event: ======'init_phase_3'====== Args={}
2026-01-29 16:59:41,372 : INFO : EventManager : Event: ======'init_phase_4'====== Args={}
2026-01-29 16:59:41,373 : INFO : BallController : Initial balls found: 7
2026-01-29 16:59:41,376 : INFO : EventManager : Event: ======'machine_var_audits_switches_s_left_upper_flipper_button'====== Args={'value': 0, 'prev_value': None, 'change': True}
2026-01-29 16:59:41,376 : INFO : EventManager : Event: ======'machine_var_audits_switches_s_left_flipper_eos'====== Args={'value': 0, 'prev_value': None, 'change': True}
2026-01-29 16:59:41,376 : INFO : EventManager : Event: ======'machine_var_audits_switches_s_right_flipper_eos'====== Args={'value': 0, 'prev_value': None, 'change': True}
2026-01-29 16:59:41,376 : INFO : EventManager : Event: ======'machine_var_audits_switches_s_right_flipper_button'====== Args={'value': 0, 'prev_value': None, 'change': True}
2026-01-29 16:59:41,377 : INFO : EventManager : Event: ======'machine_var_audits_switches_s_ball_trough_two'====== Args={'value': 0, 'prev_value': None, 'change': True}
2026-01-29 16:59:41,377 : INFO : EventManager : Event: ======'machine_var_audits_switches_s_right_upper_flipper_button'====== Args={'value': 0, 'prev_value': None, 'change': True}
2026-01-29 16:59:41,377 : INFO : EventManager : Event: ======'machine_var_audits_switches_s_ball_trough_one'====== Args={'value': 0, 'prev_value': None, 'change': True}
2026-01-29 16:59:41,377 : INFO : EventManager : Event: ======'machine_var_audits_switches_s_left_upper_flipper_eos'====== Args={'value': 0, 'prev_value': None, 'change': True}
2026-01-29 16:59:41,377 : INFO : EventManager : Event: ======'machine_var_audits_switches_s_ball_trough_three'====== Args={'value': 0, 'prev_value': None, 'change': True}
2026-01-29 16:59:41,377 : INFO : EventManager : Event: ======'machine_var_audits_switches_s_ball_trough_six'====== Args={'value': 0, 'prev_value': None, 'change': True}
2026-01-29 16:59:41,378 : INFO : EventManager : Event: ======'machine_var_audits_switches_s_left_slingshot'====== Args={'value': 0, 'prev_value': None, 'change': True}
2026-01-29 16:59:41,378 : INFO : EventManager : Event: ======'machine_var_audits_switches_s_ball_trough_jam'====== Args={'value': 0, 'prev_value': None, 'change': True}
2026-01-29 16:59:41,378 : INFO : EventManager : Event: ======'machine_var_audits_switches_s_right_upper_flipper_eos'====== Args={'value': 0, 'prev_value': None, 'change': True}
2026-01-29 16:59:41,378 : INFO : EventManager : Event: ======'machine_var_audits_switches_s_plunger_lane'====== Args={'value': 0, 'prev_value': None, 'change': True}
2026-01-29 16:59:41,378 : INFO : EventManager : Event: ======'machine_var_audits_switches_s_ball_trough_five'====== Args={'value': 0, 'prev_value': None, 'change': True}
2026-01-29 16:59:41,378 : INFO : EventManager : Event: ======'machine_var_audits_switches_s_left_flipper_button'====== Args={'value': 0, 'prev_value': None, 'change': True}
2026-01-29 16:59:41,378 : INFO : EventManager : Event: ======'machine_var_audits_switches_s_right_slingshot'====== Args={'value': 0, 'prev_value': None, 'change': True}
2026-01-29 16:59:41,378 : INFO : EventManager : Event: ======'machine_var_audits_switches_s_ball_trough_four'====== Args={'value': 0, 'prev_value': None, 'change': True}
2026-01-29 16:59:41,378 : INFO : EventManager : Event: ======'machine_var_audits_events_game_started'====== Args={'value': 0, 'prev_value': None, 'change': True}
2026-01-29 16:59:41,378 : INFO : EventManager : Event: ======'machine_var_audits_events_game_ended'====== Args={'value': 0, 'prev_value': None, 'change': True}
2026-01-29 16:59:41,378 : INFO : EventManager : Event: ======'machine_var_audits_player_score'====== Args={'value': {'top': [], 'average': 0, 'total': 0}, 'prev_value': None, 'change': True}
2026-01-29 16:59:41,378 : INFO : EventManager : Event: ======'init_phase_5'====== Args={}
2026-01-29 16:59:41,378 : INFO : ball_device.bd_trough : BCH: Count is unstable. Trying to reorder balls.
2026-01-29 16:59:41,378 : WARNING : ball_device.bd_trough : Cannot reorder device because eject_coil_reorder_pulse is not configured
2026-01-29 16:59:41,426 : INFO : ball_device.bd_trough : BCH: Repulse done. Waiting for balls to settle.
2026-01-29 16:59:41,426 : INFO : ball_device.bd_trough : BCH: Reordered count: 7
2026-01-29 16:59:41,427 : INFO : EventManager : Event: ======'init_done'====== Args={}
2026-01-29 16:59:41,427 : INFO : EventManager : Event: ======'machine_reset_phase_1'====== Args={}
2026-01-29 16:59:41,443 : INFO : EventManager : Event: ======'machine_reset_phase_2'====== Args={}
2026-01-29 16:59:41,443 : INFO : EventManager : Event: ======'machine_reset_phase_3'====== Args={}
2026-01-29 16:59:41,443 : INFO : EventManager : Event: ======'reset_complete'====== Args={}
2026-01-29 16:59:41,443 : INFO : EventManager : Event: ======'mode_attract_will_start'====== Args={}
2026-01-29 16:59:41,445 : INFO : EventManager : Event: ======'mode_attract_starting'====== Args={}
2026-01-29 16:59:41,445 : INFO : Mode.attract : Started. Priority: 10
2026-01-29 16:59:41,445 : INFO : EventManager : Event: ======'modes_active_modes_changed'====== Args={}
2026-01-29 16:59:41,445 : INFO : EventManager : Event: ======'mode_attract_started'====== Args={}
2026-01-29 16:59:41,446 : INFO : EventManager : Event: ======'collecting_balls_complete'====== Args={}
2026-01-29 16:59:41,446 : INFO : EventManager : Event: ======'carousel_item_highlighted'====== Args={'carousel': 'attract', 'direction': None, 'item': 'title'}
2026-01-29 16:59:41,447 : INFO : Machine : Starting the main run loop with active modes: [<Mode.attract>]
2026-01-29 16:59:41,498 : INFO : EventManager : Event: ======'slide_attract_created'====== Args={'_from_bcp': True}
2026-01-29 16:59:41,498 : INFO : EventManager : Event: ======'slide__removed'====== Args={'_from_bcp': True}
2026-01-29 16:59:41,498 : INFO : EventManager : Event: ======'slide_attract_active'====== Args={'original_context': 'attract', 'original_calling_context': 'mode_attract_started', 'priority': 10.0, 'cmd': 'slides_play', '_from_bcp': True}
2026-01-29 16:59:54,866 : INFO : SwitchController : <<<<<<< 's_right_flipper_button' active >>>>>>>
2026-01-29 16:59:54,867 : INFO : EventManager : Event: ======'s_right_flipper_button_active'====== Args={}
2026-01-29 16:59:54,867 : INFO : EventManager : Event: ======'carousel_item_highlighted'====== Args={'carousel': 'attract', 'direction': 'forwards', 'item': 'credits'}
2026-01-29 16:59:54,945 : INFO : SwitchController : <<<<<<< 's_right_flipper_button' inactive >>>>>>>
2026-01-29 16:59:57,239 : INFO : SwitchController : <<<<<<< 's_right_flipper_button' active >>>>>>>
2026-01-29 16:59:57,239 : INFO : EventManager : Event: ======'s_right_flipper_button_active'====== Args={}
2026-01-29 16:59:57,240 : INFO : EventManager : Event: ======'carousel_item_highlighted'====== Args={'carousel': 'attract', 'direction': 'forwards', 'item': 'mpf_logo'}
2026-01-29 16:59:57,355 : INFO : SwitchController : <<<<<<< 's_right_flipper_button' inactive >>>>>>>
2026-01-29 16:59:58,504 : INFO : SwitchController : <<<<<<< 's_right_flipper_button' active >>>>>>>
2026-01-29 16:59:58,504 : INFO : EventManager : Event: ======'s_right_flipper_button_active'====== Args={}
2026-01-29 16:59:58,505 : INFO : EventManager : Event: ======'carousel_item_highlighted'====== Args={'carousel': 'attract', 'direction': 'forwards', 'item': 'godot_logo'}
2026-01-29 16:59:58,616 : INFO : SwitchController : <<<<<<< 's_right_flipper_button' inactive >>>>>>>
2026-01-29 17:00:00,406 : INFO : SwitchController : <<<<<<< 's_right_flipper_button' active >>>>>>>
2026-01-29 17:00:00,406 : INFO : EventManager : Event: ======'s_right_flipper_button_active'====== Args={}
2026-01-29 17:00:00,407 : INFO : EventManager : Event: ======'carousel_item_highlighted'====== Args={'carousel': 'attract', 'direction': 'forwards', 'item': 'title'}
2026-01-29 17:00:00,532 : INFO : SwitchController : <<<<<<< 's_right_flipper_button' inactive >>>>>>>
2026-01-29 17:00:00,894 : INFO : SwitchController : <<<<<<< 's_right_flipper_button' active >>>>>>>
2026-01-29 17:00:00,894 : INFO : EventManager : Event: ======'s_right_flipper_button_active'====== Args={}
2026-01-29 17:00:00,894 : INFO : EventManager : Event: ======'carousel_item_highlighted'====== Args={'carousel': 'attract', 'direction': 'forwards', 'item': 'credits'}
2026-01-29 17:00:01,010 : INFO : SwitchController : <<<<<<< 's_right_flipper_button' inactive >>>>>>>
2026-01-29 17:00:01,476 : INFO : SwitchController : <<<<<<< 's_right_flipper_button' active >>>>>>>
2026-01-29 17:00:01,476 : INFO : EventManager : Event: ======'s_right_flipper_button_active'====== Args={}
2026-01-29 17:00:01,477 : INFO : EventManager : Event: ======'carousel_item_highlighted'====== Args={'carousel': 'attract', 'direction': 'forwards', 'item': 'mpf_logo'}
2026-01-29 17:00:01,592 : INFO : SwitchController : <<<<<<< 's_right_flipper_button' inactive >>>>>>>
2026-01-29 17:00:12,037 : INFO : Machine : Shutting down...
2026-01-29 17:00:12,038 : INFO : EventManager : Event: ======'shutdown'====== Args={}
2026-01-29 17:00:12,068 : INFO : root : MPF run loop ended.
